<?xml version="1.0" encoding="UTF-8"?>
<testsuites name="PosalPro MVP2 Test Suite" tests="50" failures="0" errors="0" time="1.219">
  <testsuite name="Mobile Touch Interactions" errors="0" failures="0" skipped="0" timestamp="2025-07-02T03:49:14" time="0.628" tests="19">
    <testcase classname="Mobile Touch Interactions Touch Event Conflict Prevention" name="should prevent swipe gesture conflicts on form fields" time="0.051">
    </testcase>
    <testcase classname="Mobile Touch Interactions Touch Event Conflict Prevention" name="should allow swipe gestures on non-interactive areas" time="0.006">
    </testcase>
    <testcase classname="Mobile Touch Interactions Touch Event Conflict Prevention" name="should handle multiple form element types correctly" time="0.065">
    </testcase>
    <testcase classname="Mobile Touch Interactions Touch Target Sizing Compliance" name="should maintain 44px minimum touch targets" time="0.006">
    </testcase>
    <testcase classname="Mobile Touch Interactions Touch Target Sizing Compliance" name="should have enhanced touch target class on all interactive elements" time="0.005">
    </testcase>
    <testcase classname="Mobile Touch Interactions Touch Target Sizing Compliance" name="should meet WCAG 2.1 AA touch target requirements" time="0.006">
    </testcase>
    <testcase classname="Mobile Touch Interactions Cross-Platform Mobile Compatibility" name="should work correctly on viewport {&quot;height&quot;: 667, &quot;width&quot;: 375}" time="0.008">
    </testcase>
    <testcase classname="Mobile Touch Interactions Cross-Platform Mobile Compatibility" name="should work correctly on viewport {&quot;height&quot;: 844, &quot;width&quot;: 390}" time="0.009">
    </testcase>
    <testcase classname="Mobile Touch Interactions Cross-Platform Mobile Compatibility" name="should work correctly on viewport {&quot;height&quot;: 768, &quot;width&quot;: 1024}" time="0.01">
    </testcase>
    <testcase classname="Mobile Touch Interactions Cross-Platform Mobile Compatibility" name="should handle iOS zoom prevention (16px+ font sizes)" time="0.005">
    </testcase>
    <testcase classname="Mobile Touch Interactions Cross-Platform Mobile Compatibility" name="should provide adequate touch feedback" time="0.003">
    </testcase>
    <testcase classname="Mobile Touch Interactions Form Field Touch Isolation" name="should isolate form field touches from parent gestures" time="0.009">
    </testcase>
    <testcase classname="Mobile Touch Interactions Form Field Touch Isolation" name="should handle rapid touch sequences correctly" time="0.065">
    </testcase>
    <testcase classname="Mobile Touch Interactions Performance Impact Assessment" name="should handle touch events without performance degradation" time="0.009">
    </testcase>
    <testcase classname="Mobile Touch Interactions Performance Impact Assessment" name="should handle multiple simultaneous touches efficiently" time="0.006">
    </testcase>
    <testcase classname="Mobile Touch Interactions Accessibility Integration" name="should maintain screen reader compatibility with touch interactions" time="0.002">
    </testcase>
    <testcase classname="Mobile Touch Interactions Accessibility Integration" name="should provide proper focus management for touch users" time="0.016">
    </testcase>
    <testcase classname="Mobile Touch Interactions Component Traceability Matrix Validation" name="should maintain complete traceability mapping" time="0.001">
    </testcase>
    <testcase classname="Mobile Touch Interactions Component Traceability Matrix Validation" name="should track analytics events for hypothesis validation" time="0.008">
    </testcase>
  </testsuite>
  <testsuite name="API Route Type Safety Validation" errors="0" failures="0" skipped="0" timestamp="2025-07-02T03:49:15" time="0.165" tests="14">
    <testcase classname="API Route Type Safety Validation Search Route Type Safety" name="should have proper SearchQuery interface validation" time="0.004">
    </testcase>
    <testcase classname="API Route Type Safety Validation Search Route Type Safety" name="should validate SearchResult interface structure" time="0.001">
    </testcase>
    <testcase classname="API Route Type Safety Validation Search Route Type Safety" name="should handle search response type consistency" time="0">
    </testcase>
    <testcase classname="API Route Type Safety Validation Customer Route Type Safety" name="should validate customer creation data types" time="0.001">
    </testcase>
    <testcase classname="API Route Type Safety Validation Customer Route Type Safety" name="should validate cursor-based pagination types" time="0.001">
    </testcase>
    <testcase classname="API Route Type Safety Validation Config Route Type Safety" name="should validate configuration data structure" time="0.001">
    </testcase>
    <testcase classname="API Route Type Safety Validation Config Route Type Safety" name="should handle field selection for performance optimization" time="0">
    </testcase>
    <testcase classname="API Route Type Safety Validation Workflow Route Type Safety" name="should validate workflow update data types" time="0.001">
    </testcase>
    <testcase classname="API Route Type Safety Validation Error Handling Type Safety" name="should validate error response structure" time="0.002">
    </testcase>
    <testcase classname="API Route Type Safety Validation Error Handling Type Safety" name="should handle Prisma error type compatibility" time="0">
    </testcase>
    <testcase classname="API Route Type Safety Validation Performance Impact Assessment" name="should validate type checking performance" time="0.001">
    </testcase>
    <testcase classname="API Route Type Safety Validation Performance Impact Assessment" name="should validate response serialization performance" time="0.001">
    </testcase>
    <testcase classname="API Route Type Safety Validation Component Traceability Matrix Validation" name="should maintain complete traceability mapping" time="0.001">
    </testcase>
    <testcase classname="API Route Type Safety Validation Component Traceability Matrix Validation" name="should track API type safety analytics events" time="0">
    </testcase>
  </testsuite>
  <testsuite name="Database-Agnostic ID Validation" errors="0" failures="0" skipped="0" timestamp="2025-07-02T03:49:15" time="0.066" tests="17">
    <testcase classname="Database-Agnostic ID Validation databaseIdSchema validation" name="should accept valid CUID format" time="0">
    </testcase>
    <testcase classname="Database-Agnostic ID Validation databaseIdSchema validation" name="should accept valid alphanumeric IDs" time="0">
    </testcase>
    <testcase classname="Database-Agnostic ID Validation databaseIdSchema validation" name="should reject empty strings" time="0.001">
    </testcase>
    <testcase classname="Database-Agnostic ID Validation databaseIdSchema validation" name="should reject undefined/null strings" time="0">
    </testcase>
    <testcase classname="Database-Agnostic ID Validation databaseIdSchema validation" name="should handle edge cases" time="0">
    </testcase>
    <testcase classname="Database-Agnostic ID Validation userIdSchema validation" name="should accept valid user IDs" time="0.001">
    </testcase>
    <testcase classname="Database-Agnostic ID Validation userIdSchema validation" name="should reject invalid user ID patterns" time="0.003">
    </testcase>
    <testcase classname="Database-Agnostic ID Validation API Route Validation Testing" name="proposals route should validate productId, customerId, createdBy" time="0">
    </testcase>
    <testcase classname="Database-Agnostic ID Validation API Route Validation Testing" name="analytics users route should validate userId" time="0.001">
    </testcase>
    <testcase classname="Database-Agnostic ID Validation API Route Validation Testing" name="customers route should validate cursor" time="0">
    </testcase>
    <testcase classname="Database-Agnostic ID Validation API Route Validation Testing" name="workflows route should validate assignedToId" time="0">
    </testcase>
    <testcase classname="Database-Agnostic ID Validation API Route Validation Testing" name="workflows [id] route should validate approvers and escalateTo arrays" time="0.001">
    </testcase>
    <testcase classname="Database-Agnostic ID Validation Performance Impact Assessment" name="validation should complete within 5ms per validation" time="0">
    </testcase>
    <testcase classname="Database-Agnostic ID Validation Performance Impact Assessment" name="bulk validation should handle 100 IDs efficiently" time="0">
    </testcase>
    <testcase classname="Database-Agnostic ID Validation Error Message Consistency" name="should provide consistent error messages across all endpoints" time="0.001">
    </testcase>
    <testcase classname="Database-Agnostic ID Validation Error Message Consistency" name="should handle null and undefined string literals correctly" time="0">
    </testcase>
    <testcase classname="Database-Agnostic ID Validation Component Traceability Matrix Validation" name="should maintain complete traceability mapping" time="0.001">
    </testcase>
  </testsuite>
</testsuites>